Log file open, 01/28/18 16:12:16
LogWindows: Failed to load 'aqProf.dll' (GetLastError=126)
LogWindows: File 'aqProf.dll' does not exist
LogWindows: Failed to load 'VtuneApi.dll' (GetLastError=126)
LogWindows: File 'VtuneApi.dll' does not exist
LogWindows: Failed to load 'VtuneApi32e.dll' (GetLastError=126)
LogWindows: File 'VtuneApi32e.dll' does not exist
LogInit: Display: Running engine for game: UE4_library
LogPlatformFile: Not using cached read wrapper
LogInit: Display: RandInit(948791663) SRandInit(948791663).
LogInit: Read version file with build ID '3709383'
LogInit: Overriding engine version to CL 3709383, compatible CL 3709383
LogInit: Registered custom module enumerator with build ID '3709383'
LogTaskGraph: Started task graph with 5 named threads and 8 total threads with 3 sets of task threads.
LogStats: Stats thread started at 0.122548
LogD3D11RHI: Aftermath initialized
LogModuleManager: Display: Found up-to-date module file ../../../Engine/Plugins/2D/Paper2D/Binaries/Win64/UE4Editor-Paper2D.dll (API version 3709383).
LogModuleManager: Display: Found up-to-date module file ../../../Engine/Plugins/2D/Paper2D/Binaries/Win64/UE4Editor-Paper2DEditor.dll (API version 3709383).
LogModuleManager: Display: Found up-to-date module file ../../../Engine/Plugins/2D/Paper2D/Binaries/Win64/UE4Editor-PaperSpriteSheetImporter.dll (API version 3709383).
LogModuleManager: Display: Found up-to-date module file ../../../Engine/Plugins/2D/Paper2D/Binaries/Win64/UE4Editor-PaperTiledImporter.dll (API version 3709383).
LogModuleManager: Display: Found up-to-date module file ../../../Engine/Plugins/2D/Paper2D/Binaries/Win64/UE4Editor-SmartSnapping.dll (API version 3709383).
LogModuleManager: Display: Found up-to-date module file ../../../Engine/Plugins/Blendables/LightPropagationVolume/Binaries/Win64/UE4Editor-LightPropagationVolumeRuntime.dll (API version 3709383).
LogModuleManager: Display: Found up-to-date module file ../../../Engine/Plugins/Blendables/LightPropagationVolume/Binaries/Win64/UE4Editor-LightPropagationVolumeEditor.dll (API version 3709383).
LogModuleManager: Display: Found up-to-date module file ../../../Engine/Plugins/Developer/GitSourceControl/Binaries/Win64/UE4Editor-GitSourceControl.dll (API version 3709383).
LogModuleManager: Display: Found up-to-date module file ../../../Engine/Plugins/Developer/PerforceSourceControl/Binaries/Win64/UE4Editor-PerforceSourceControl.dll (API version 3709383).
LogModuleManager: Display: Found up-to-date module file ../../../Engine/Plugins/Developer/SubversionSourceControl/Binaries/Win64/UE4Editor-SubversionSourceControl.dll (API version 3709383).
LogModuleManager: Display: Found up-to-date module file ../../../Engine/Plugins/Developer/UObjectPlugin/Binaries/Win64/UE4Editor-UObjectPlugin.dll (API version 3709383).
LogModuleManager: Display: Found up-to-date module file ../../../Engine/Plugins/Developer/VisualStudioCodeSourceCodeAccess/Binaries/Win64/UE4Editor-VisualStudioCodeSourceCodeAccess.dll (API version 3709383).
LogModuleManager: Display: Found up-to-date module file ../../../Engine/Plugins/Developer/VisualStudioSourceCodeAccess/Binaries/Win64/UE4Editor-VisualStudioSourceCodeAccess.dll (API version 3709383).
LogModuleManager: Display: Found up-to-date module file ../../../Engine/Plugins/Editor/AssetManagerEditor/Binaries/Win64/UE4Editor-AssetManagerEditor.dll (API version 3709383).
LogModuleManager: Display: Found up-to-date module file ../../../Engine/Plugins/Editor/AudioCapture/Binaries/Win64/UE4Editor-AudioCapture.dll (API version 3709383).
LogModuleManager: Display: Found up-to-date module file ../../../Engine/Plugins/Editor/FacialAnimation/Binaries/Win64/UE4Editor-FacialAnimation.dll (API version 3709383).
LogModuleManager: Display: Found up-to-date module file ../../../Engine/Plugins/Editor/FacialAnimation/Binaries/Win64/UE4Editor-FacialAnimationEditor.dll (API version 3709383).
LogModuleManager: Display: Found up-to-date module file ../../../Engine/Plugins/Editor/GameplayTagsEditor/Binaries/Win64/UE4Editor-GameplayTagsEditor.dll (API version 3709383).
LogModuleManager: Display: Found up-to-date module file ../../../Engine/Plugins/Editor/MobileLauncherProfileWizard/Binaries/Win64/UE4Editor-MobileLauncherProfileWizard.dll (API version 3709383).
LogModuleManager: Display: Found up-to-date module file ../../../Engine/Plugins/Editor/PluginBrowser/Binaries/Win64/UE4Editor-PluginBrowser.dll (API version 3709383).
LogModuleManager: Display: Found up-to-date module file ../../../Engine/Plugins/Editor/SpeedTreeImporter/Binaries/Win64/UE4Editor-SpeedTreeImporter.dll (API version 3709383).
LogModuleManager: Display: Found up-to-date module file ../../../Engine/Plugins/Experimental/AlembicImporter/Binaries/Win64/UE4Editor-AlembicImporter.dll (API version 3709383).
LogModuleManager: Display: Found up-to-date module file ../../../Engine/Plugins/Experimental/AlembicImporter/Binaries/Win64/UE4Editor-AlembicLibrary.dll (API version 3709383).
LogModuleManager: Display: Found up-to-date module file ../../../Engine/Plugins/Experimental/CharacterAI/Binaries/Win64/UE4Editor-CharacterAI.dll (API version 3709383).
LogModuleManager: Display: Found up-to-date module file ../../../Engine/Plugins/Experimental/HTML5Networking/Binaries/Win64/UE4Editor-HTML5Networking.dll (API version 3709383).
LogModuleManager: Display: Found up-to-date module file ../../../Engine/Plugins/Media/AndroidMedia/Binaries/Win64/UE4Editor-AndroidMediaEditor.dll (API version 3709383).
LogModuleManager: Display: Found up-to-date module file ../../../Engine/Plugins/Media/AndroidMedia/Binaries/Win64/UE4Editor-AndroidMediaFactory.dll (API version 3709383).
LogModuleManager: Display: Found up-to-date module file ../../../Engine/Plugins/Media/AvfMedia/Binaries/Win64/UE4Editor-AvfMediaEditor.dll (API version 3709383).
LogModuleManager: Display: Found up-to-date module file ../../../Engine/Plugins/Media/AvfMedia/Binaries/Win64/UE4Editor-AvfMediaFactory.dll (API version 3709383).
LogModuleManager: Display: Found up-to-date module file ../../../Engine/Plugins/Media/AvfMedia/Binaries/Win64/UE4Editor-AvfMediaFactory.dll (API version 3709383).
LogModuleManager: Display: Found up-to-date module file ../../../Engine/Plugins/Media/ImgMedia/Binaries/Win64/UE4Editor-ImgMedia.dll (API version 3709383).
LogModuleManager: Display: Found up-to-date module file ../../../Engine/Plugins/Media/ImgMedia/Binaries/Win64/UE4Editor-ImgMediaEditor.dll (API version 3709383).
LogModuleManager: Display: Found up-to-date module file ../../../Engine/Plugins/Media/ImgMedia/Binaries/Win64/UE4Editor-ImgMediaFactory.dll (API version 3709383).
LogModuleManager: Display: Found up-to-date module file ../../../Engine/Plugins/Media/ImgMedia/Binaries/Win64/UE4Editor-ImgMediaFactory.dll (API version 3709383).
LogModuleManager: Display: Found up-to-date module file ../../../Engine/Plugins/Media/ImgMedia/Binaries/Win64/UE4Editor-OpenExrWrapper.dll (API version 3709383).
LogModuleManager: Display: Found up-to-date module file ../../../Engine/Plugins/Media/MediaCompositing/Binaries/Win64/UE4Editor-MediaCompositing.dll (API version 3709383).
LogModuleManager: Display: Found up-to-date module file ../../../Engine/Plugins/Media/MediaCompositing/Binaries/Win64/UE4Editor-MediaCompositingEditor.dll (API version 3709383).
LogModuleManager: Display: Found up-to-date module file ../../../Engine/Plugins/Media/MediaPlayerEditor/Binaries/Win64/UE4Editor-MediaPlayerEditor.dll (API version 3709383).
LogModuleManager: Display: Found up-to-date module file ../../../Engine/Plugins/Media/WmfMedia/Binaries/Win64/UE4Editor-WmfMedia.dll (API version 3709383).
LogModuleManager: Display: Found up-to-date module file ../../../Engine/Plugins/Media/WmfMedia/Binaries/Win64/UE4Editor-WmfMediaEditor.dll (API version 3709383).
LogModuleManager: Display: Found up-to-date module file ../../../Engine/Plugins/Media/WmfMedia/Binaries/Win64/UE4Editor-WmfMediaFactory.dll (API version 3709383).
LogModuleManager: Display: Found up-to-date module file ../../../Engine/Plugins/Media/WmfMedia/Binaries/Win64/UE4Editor-WmfMediaFactory.dll (API version 3709383).
LogModuleManager: Display: Found up-to-date module file ../../../Engine/Plugins/Messaging/TcpMessaging/Binaries/Win64/UE4Editor-TcpMessaging.dll (API version 3709383).
LogModuleManager: Display: Found up-to-date module file ../../../Engine/Plugins/Messaging/UdpMessaging/Binaries/Win64/UE4Editor-UdpMessaging.dll (API version 3709383).
LogModuleManager: Display: Found up-to-date module file ../../../Engine/Plugins/MovieScene/ActorSequence/Binaries/Win64/UE4Editor-ActorSequence.dll (API version 3709383).
LogModuleManager: Display: Found up-to-date module file ../../../Engine/Plugins/MovieScene/LevelSequenceEditor/Binaries/Win64/UE4Editor-LevelSequenceEditor.dll (API version 3709383).
LogModuleManager: Display: Found up-to-date module file ../../../Engine/Plugins/MovieScene/MatineeToLevelSequence/Binaries/Win64/UE4Editor-MatineeToLevelSequence.dll (API version 3709383).
LogModuleManager: Display: Found up-to-date module file ../../../Engine/Plugins/Online/OnlineSubsystem/Binaries/Win64/UE4Editor-OnlineSubsystem.dll (API version 3709383).
LogModuleManager: Display: Found up-to-date module file ../../../Engine/Plugins/Runtime/AndroidPermission/Binaries/Win64/UE4Editor-AndroidPermission.dll (API version 3709383).
LogModuleManager: Display: Found up-to-date module file ../../../Engine/Plugins/Online/OnlineSubsystemNull/Binaries/Win64/UE4Editor-OnlineSubsystemNull.dll (API version 3709383).
LogModuleManager: Display: Found up-to-date module file ../../../Engine/Plugins/Online/OnlineSubsystemUtils/Binaries/Win64/UE4Editor-OnlineSubsystemUtils.dll (API version 3709383).
LogModuleManager: Display: Found up-to-date module file ../../../Engine/Plugins/Online/OnlineSubsystemUtils/Binaries/Win64/UE4Editor-OnlineBlueprintSupport.dll (API version 3709383).
LogModuleManager: Display: Found up-to-date module file ../../../Engine/Plugins/Runtime/AndroidDeviceProfileSelector/Binaries/Win64/UE4Editor-AndroidDeviceProfileSelector.dll (API version 3709383).
LogModuleManager: Display: Found up-to-date module file ../../../Engine/Plugins/Runtime/AppleARKit/Binaries/Win64/UE4Editor-AppleARKit.dll (API version 3709383).
LogModuleManager: Display: Found up-to-date module file ../../../Engine/Plugins/Runtime/ArchVisCharacter/Binaries/Win64/UE4Editor-ArchVisCharacter.dll (API version 3709383).
LogModuleManager: Display: Found up-to-date module file ../../../Engine/Plugins/Runtime/CableComponent/Binaries/Win64/UE4Editor-CableComponent.dll (API version 3709383).
LogModuleManager: Display: Found up-to-date module file ../../../Engine/Plugins/Runtime/CustomMeshComponent/Binaries/Win64/UE4Editor-CustomMeshComponent.dll (API version 3709383).
LogModuleManager: Display: Found up-to-date module file ../../../Engine/Plugins/Runtime/ExampleDeviceProfileSelector/Binaries/Win64/UE4Editor-ExampleDeviceProfileSelector.dll (API version 3709383).
LogModuleManager: Display: Found up-to-date module file ../../../Engine/Plugins/Runtime/ImmediatePhysics/Binaries/Win64/UE4Editor-ImmediatePhysics.dll (API version 3709383).
LogModuleManager: Display: Found up-to-date module file ../../../Engine/Plugins/Runtime/ImmediatePhysics/Binaries/Win64/UE4Editor-ImmediatePhysicsEditor.dll (API version 3709383).
LogModuleManager: Display: Found up-to-date module file ../../../Engine/Plugins/Runtime/LocationServicesBPLibrary/Binaries/Win64/UE4Editor-LocationServicesBPLibrary.dll (API version 3709383).
LogModuleManager: Display: Found up-to-date module file ../../../Engine/Plugins/Runtime/MobilePatchingUtils/Binaries/Win64/UE4Editor-MobilePatchingUtils.dll (API version 3709383).
LogModuleManager: Display: Found up-to-date module file ../../../Engine/Plugins/Runtime/Oculus/OculusVR/Binaries/Win64/UE4Editor-OculusHMD.dll (API version 3709383).
LogModuleManager: Display: Found up-to-date module file ../../../Engine/Plugins/Runtime/Oculus/OculusVR/Binaries/Win64/UE4Editor-OculusInput.dll (API version 3709383).
LogModuleManager: Display: Found up-to-date module file ../../../Engine/Plugins/Runtime/Oculus/OculusVR/Binaries/Win64/UE4Editor-OculusEditor.dll (API version 3709383).
LogModuleManager: Display: Found up-to-date module file ../../../Engine/Plugins/Runtime/PhysXVehicles/Binaries/Win64/UE4Editor-PhysXVehicles.dll (API version 3709383).
LogModuleManager: Display: Found up-to-date module file ../../../Engine/Plugins/Runtime/PhysXVehicles/Binaries/Win64/UE4Editor-PhysXVehiclesEditor.dll (API version 3709383).
LogModuleManager: Display: Found up-to-date module file ../../../Engine/Plugins/Runtime/ProceduralMeshComponent/Binaries/Win64/UE4Editor-ProceduralMeshComponent.dll (API version 3709383).
LogModuleManager: Display: Found up-to-date module file ../../../Engine/Plugins/Runtime/ProceduralMeshComponent/Binaries/Win64/UE4Editor-ProceduralMeshComponentEditor.dll (API version 3709383).
LogModuleManager: Display: Found up-to-date module file ../../../Engine/Plugins/Runtime/RuntimePhysXCooking/Binaries/Win64/UE4Editor-RuntimePhysXCooking.dll (API version 3709383).
LogModuleManager: Display: Found up-to-date module file ../../../Engine/Plugins/Runtime/Steam/SteamVR/Binaries/Win64/UE4Editor-SteamVR.dll (API version 3709383).
LogModuleManager: Display: Found up-to-date module file ../../../Engine/Plugins/Runtime/Steam/SteamVR/Binaries/Win64/UE4Editor-SteamVRController.dll (API version 3709383).
LogModuleManager: Display: Found up-to-date module file ../../../Engine/Plugins/Runtime/WindowsMoviePlayer/Binaries/Win64/UE4Editor-WindowsMoviePlayer.dll (API version 3709383).
LogPluginManager: Mounting plugin Paper2D
LogPluginManager: Mounting plugin LightPropagationVolume
LogPluginManager: Mounting plugin CodeLiteSourceCodeAccess
LogPluginManager: Mounting plugin GitSourceControl
LogPluginManager: Mounting plugin KDevelopSourceCodeAccess
LogPluginManager: Mounting plugin NullSourceCodeAccess
LogPluginManager: Mounting plugin PerforceSourceControl
LogPluginManager: Mounting plugin SubversionSourceControl
LogPluginManager: Mounting plugin UObjectPlugin
LogPluginManager: Mounting plugin VisualStudioCodeSourceCodeAccess
LogPluginManager: Mounting plugin VisualStudioSourceCodeAccess
LogPluginManager: Mounting plugin XCodeSourceCodeAccess
LogPluginManager: Mounting plugin AssetManagerEditor
LogPluginManager: Mounting plugin AudioCapture
LogPluginManager: Mounting plugin FacialAnimation
LogPluginManager: Mounting plugin GameplayTagsEditor
LogPluginManager: Mounting plugin MobileLauncherProfileWizard
LogPluginManager: Mounting plugin PluginBrowser
LogPluginManager: Mounting plugin SpeedTreeImporter
LogPluginManager: Mounting plugin AlembicImporter
LogPluginManager: Mounting plugin CharacterAI
LogPluginManager: Mounting plugin HTML5Networking
LogPluginManager: Mounting plugin AndroidMedia
LogPluginManager: Mounting plugin AvfMedia
LogPluginManager: Mounting plugin ImgMedia
LogPluginManager: Mounting plugin MediaCompositing
LogPluginManager: Mounting plugin MediaPlayerEditor
LogPluginManager: Mounting plugin WmfMedia
LogPluginManager: Mounting plugin TcpMessaging
LogPluginManager: Mounting plugin UdpMessaging
LogPluginManager: Mounting plugin ActorSequence
LogPluginManager: Mounting plugin LevelSequenceEditor
LogPluginManager: Mounting plugin MatineeToLevelSequence
LogPluginManager: Mounting plugin OnlineSubsystemGooglePlay
LogPluginManager: Mounting plugin OnlineSubsystemIOS
LogPluginManager: Mounting plugin OnlineSubsystem
LogPluginManager: Mounting plugin OnlineSubsystemNull
LogPluginManager: Mounting plugin OnlineSubsystemUtils
LogPluginManager: Mounting plugin AndroidDeviceProfileSelector
LogPluginManager: Mounting plugin AndroidMoviePlayer
LogPluginManager: Mounting plugin AndroidPermission
LogPluginManager: Mounting plugin AppleARKit
LogPluginManager: Mounting plugin AppleMoviePlayer
LogPluginManager: Mounting plugin ArchVisCharacter
LogPluginManager: Mounting plugin CableComponent
LogPluginManager: Mounting plugin CustomMeshComponent
LogPluginManager: Mounting plugin ExampleDeviceProfileSelector
LogPluginManager: Mounting plugin GoogleCloudMessaging
LogPluginManager: Mounting plugin ImmediatePhysics
LogPluginManager: Mounting plugin IOSDeviceProfileSelector
LogPluginManager: Mounting plugin LinuxDeviceProfileSelector
LogPluginManager: Mounting plugin LocationServicesBPLibrary
LogPluginManager: Mounting plugin MobilePatchingUtils
LogPluginManager: Mounting plugin OculusVR
LogPluginManager: Plugin shader directory ../../../Engine/Plugins/Runtime/Oculus/OculusVR/Shaders found
LogPluginManager: Mapping shader source directory ../../../Engine/Plugins/Runtime/Oculus/OculusVR/Shaders to virtual directory /Plugin/OculusVR
LogPluginManager: Mounting plugin PhysXVehicles
LogPluginManager: Mounting plugin ProceduralMeshComponent
LogPluginManager: Mounting plugin RuntimePhysXCooking
LogPluginManager: Mounting plugin SteamVR
LogPluginManager: Mounting plugin WindowsMoviePlayer
LogInit: Using libcurl 7.47.1
LogInit:  - built for x86_64-pc-win32
LogInit:  - supports SSL with OpenSSL/1.0.2g
LogInit:  - supports HTTP deflate (compression) using libz 1.2.8
LogInit:  - other features:
LogInit:      CURL_VERSION_SSL
LogInit:      CURL_VERSION_LIBZ
LogInit:      CURL_VERSION_IPV6
LogInit:      CURL_VERSION_ASYNCHDNS
LogInit:      CURL_VERSION_LARGEFILE
LogInit:      CURL_VERSION_IDN
LogInit:  CurlRequestOptions (configurable via config and command line):
LogInit:  - bVerifyPeer = false  - Libcurl will NOT verify peer certificate
LogInit:  - bUseHttpProxy = false  - Libcurl will NOT use HTTP proxy
LogInit:  - bDontReuseConnections = false  - Libcurl will reuse connections
LogInit:  - CertBundlePath = nullptr  - Libcurl will use whatever was configured at build time.
LogInit: Build: ++UE4+Release-4.18-CL-3709383
LogInit: Engine Version: 4.18.0-3709383+++UE4+Release-4.18
LogInit: Compatible Engine Version: 4.18.0-3709383+++UE4+Release-4.18
LogInit: Net CL: 3709383
LogDevObjectVersion: Number of dev versions registered: 16
LogDevObjectVersion:   Dev-Blueprints (B0D832E4-1F89-4F0D-ACCF-7EB736FD4AA2): 10
LogDevObjectVersion:   Dev-Build (E1C64328-A22C-4D53-A36C-8E866417BD8C): 0
LogDevObjectVersion:   Dev-Core (375EC13C-06E4-48FB-B500-84F0262A717E): 2
LogDevObjectVersion:   Dev-Editor (E4B068ED-F494-42E9-A231-DA0B2E46BB41): 20
LogDevObjectVersion:   Dev-Framework (CFFC743F-43B0-4480-9391-14DF171D2073): 30
LogDevObjectVersion:   Dev-Mobile (B02B49B5-BB20-44E9-A304-32B752E40360): 0
LogDevObjectVersion:   Dev-Networking (A4E4105C-59A1-49B5-A7C5-40C4547EDFEE): 0
LogDevObjectVersion:   Dev-Online (39C831C9-5AE6-47DC-9A44-9C173E1C8E7C): 0
LogDevObjectVersion:   Dev-Physics (78F01B33-EBEA-4F98-B9B4-84EACCB95AA2): 0
LogDevObjectVersion:   Dev-Platform (6631380F-2D4D-43E0-8009-CF276956A95A): 0
LogDevObjectVersion:   Dev-Rendering (12F88B9F-8875-4AFC-A67C-D90C383ABD29): 20
LogDevObjectVersion:   Dev-Sequencer (7B5AE74C-D270-4C10-A958-57980B212A5A): 4
LogDevObjectVersion:   Dev-VR (D7296918-1DD6-4BDD-9DE2-64A83CC13884): 0
LogDevObjectVersion:   Dev-LoadTimes (C2A15278-BFE7-4AFE-6C17-90FF531DF755): 1
LogDevObjectVersion:   Private-Geometry (6EACA3D4-40EC-4CC1-B786-8BED09428FC5): 1
LogDevObjectVersion:   Dev-AnimPhys (29E575DD-E0A3-4627-9D10-D276232CDCEA): 12
LogInit: Compiled (64-bit): Oct 20 2017 10:39:19
LogInit: Compiled with Visual C++: 19.00.24215.01
LogInit: Build Configuration: Development
LogInit: Branch Name: ++UE4+Release-4.18
LogInit: Command line:  
LogInit: Base directory: C:/Program Files/Epic Games/UE_4.18/Engine/Binaries/Win64/
LogInit: Installed Engine Build: 1
LogInit: Presizing for max 8388607 objects, including 0 objects not considered by GC, pre-allocating 0 bytes for permanent pool.
LogInit: Object subsystem initialized
[2018.01.28-15.12.18:052][  0]LogInit: Selected Device Profile: [Windows]
[2018.01.28-15.12.18:052][  0]LogInit: Applying CVar settings loaded from the selected device profile: [Windows]
[2018.01.28-15.12.18:067][  0]LogInit: Computer: SILVIOLENOVO
[2018.01.28-15.12.18:067][  0]LogInit: User: silvi
[2018.01.28-15.12.18:067][  0]LogInit: CPU Page size=4096, Cores=2
[2018.01.28-15.12.18:067][  0]LogInit: High frequency timer resolution =2.533198 MHz
[2018.01.28-15.12.18:067][  0]LogMemory: Memory total: Physical=15.9GB (16GB approx)
[2018.01.28-15.12.18:067][  0]LogMemory: Platform Memory Stats for Windows
[2018.01.28-15.12.18:067][  0]LogMemory: Process Physical Memory: 271.85 MB used, 271.85 MB peak
[2018.01.28-15.12.18:068][  0]LogMemory: Process Virtual Memory: 269.28 MB used, 269.28 MB peak
[2018.01.28-15.12.18:068][  0]LogMemory: Physical Memory: 4407.36 MB used,  11873.00 MB free, 16280.36 MB total
[2018.01.28-15.12.18:068][  0]LogMemory: Virtual Memory: 640.09 MB used,  11873.00 MB free, 134217728.00 MB total
[2018.01.28-15.12.18:243][  0]LogInit: Using OS detected language (en-US).
[2018.01.28-15.12.18:243][  0]LogInit: Using OS detected locale (it-IT).
[2018.01.28-15.12.18:246][  0]LogTextLocalizationManager: No specific localization for 'en-US' exists, so the 'en' localization will be used.
[2018.01.28-15.12.18:247][  0]LogTextLocalizationManager: No localization for 'it-IT' exists, so 'en-US' will be used for the locale.
[2018.01.28-15.12.18:752][  0]LogInit: Setting process to per monitor DPI aware
[2018.01.28-15.12.19:086][  0]LogD3D11RHI: D3D11 adapters:
[2018.01.28-15.12.19:126][  0]LogD3D11RHI:    0. 'NVIDIA GeForce 840M' (Feature Level 11_0)
[2018.01.28-15.12.19:126][  0]LogD3D11RHI:       4065/0/8140 MB DedicatedVideo/DedicatedSystem/SharedSystem, Outputs:1, VendorId:0x10de
[2018.01.28-15.12.19:133][  0]LogD3D11RHI:    1. 'Intel(R) HD Graphics Family' (Feature Level 11_0)
[2018.01.28-15.12.19:133][  0]LogD3D11RHI:       112/0/2048 MB DedicatedVideo/DedicatedSystem/SharedSystem, Outputs:0, VendorId:0x8086
[2018.01.28-15.12.19:134][  0]LogD3D11RHI:    2. 'Microsoft Basic Render Driver' (Feature Level 11_0)
[2018.01.28-15.12.19:134][  0]LogD3D11RHI:       0/0/8140 MB DedicatedVideo/DedicatedSystem/SharedSystem, Outputs:0, VendorId:0x1414
[2018.01.28-15.12.19:134][  0]LogD3D11RHI: Chosen D3D11 Adapter: 0
[2018.01.28-15.12.19:141][  0]LogD3D11RHI: Creating new Direct3DDevice
[2018.01.28-15.12.19:141][  0]LogD3D11RHI:     GPU DeviceId: 0x1341 (for the marketing name, search the web for "GPU Device Id")
[2018.01.28-15.12.19:141][  0]LogWindows: EnumDisplayDevices:
[2018.01.28-15.12.19:141][  0]LogWindows:    0. 'Intel(R) HD Graphics Family' (P:1 D:1)
[2018.01.28-15.12.19:141][  0]LogWindows:    1. 'Intel(R) HD Graphics Family' (P:0 D:0)
[2018.01.28-15.12.19:141][  0]LogWindows:    2. 'Intel(R) HD Graphics Family' (P:0 D:0)
[2018.01.28-15.12.19:142][  0]LogWindows: DebugString: PrimaryIsNotTheChoosenAdapter PrimaryIsNotTheChoosenAdapter PrimaryIsNotTheChoosenAdapter FoundDriverCount:0 
[2018.01.28-15.12.19:142][  0]LogD3D11RHI:     Adapter Name: NVIDIA GeForce 840M
[2018.01.28-15.12.19:142][  0]LogD3D11RHI:   Driver Version: Unknown (internal:Unknown, unified:Unknown)
[2018.01.28-15.12.19:142][  0]LogD3D11RHI:      Driver Date: Unknown
[2018.01.28-15.12.19:142][  0]LogRHI: Texture pool is 2846 MB (70% of 4065 MB)
[2018.01.28-15.12.19:163][  0]LogD3D11RHI: Async texture creation enabled
[2018.01.28-15.12.19:182][  0]LogD3D11RHI: GPU Timing Frequency: 1000.000000 (Debug: 2 2)
[2018.01.28-15.12.19:183][  0]LogShaderCompilers: Guid format shader working directory is 16 characters bigger than the processId version (F:/Unreal Projects/UE4_library/Intermediate/Shaders/WorkingDirectory/3580/).
[2018.01.28-15.12.19:183][  0]LogShaderCompilers: Cleaned the shader compiler working directory 'C:/Users/silvi/AppData/Local/Temp/UnrealShaderWorkingDir/14B652F2466123F8BD15508C0019E60F/'.
[2018.01.28-15.12.19:183][  0]LogShaderCompilers: Display: Using Local Shader Compiler.
[2018.01.28-15.12.20:324][  0]LogTemp: Display: Loaded TP AllDesktopTargetPlatform
[2018.01.28-15.12.20:383][  0]LogTemp: Display: Loaded TP MacClientTargetPlatform
[2018.01.28-15.12.20:440][  0]LogTemp: Display: Loaded TP MacNoEditorTargetPlatform
[2018.01.28-15.12.20:498][  0]LogTemp: Display: Loaded TP MacServerTargetPlatform
[2018.01.28-15.12.20:557][  0]LogTemp: Display: Loaded TP MacTargetPlatform
[2018.01.28-15.12.20:616][  0]LogTemp: Display: Loaded TP WindowsClientTargetPlatform
[2018.01.28-15.12.20:674][  0]LogTemp: Display: Loaded TP WindowsNoEditorTargetPlatform
[2018.01.28-15.12.20:733][  0]LogTemp: Display: Loaded TP WindowsServerTargetPlatform
[2018.01.28-15.12.20:784][  0]LogTemp: Display: Loaded TP WindowsTargetPlatform
[2018.01.28-15.12.20:840][  0]LogTemp: Display: Loaded TP Android_ASTCTargetPlatform
[2018.01.28-15.12.20:897][  0]LogTemp: Display: Loaded TP Android_ATCTargetPlatform
[2018.01.28-15.12.20:953][  0]LogTemp: Display: Loaded TP Android_DXTTargetPlatform
[2018.01.28-15.12.21:016][  0]LogTemp: Display: Loaded TP Android_ETC1TargetPlatform
[2018.01.28-15.12.21:076][  0]LogTemp: Display: Loaded TP Android_ETC2TargetPlatform
[2018.01.28-15.12.21:192][  0]LogTemp: Display: Loaded TP Android_MultiTargetPlatform
[2018.01.28-15.12.21:192][  0]LogTemp: Display: Loaded TP Android_PVRTCTargetPlatform
[2018.01.28-15.12.21:260][  0]LogTemp: Display: Loaded TP AndroidTargetPlatform
[2018.01.28-15.12.21:307][  0]LogTemp: Display: Loaded TP HTML5TargetPlatform
[2018.01.28-15.12.21:405][  0]LogTemp: Display: Loaded TP IOSTargetPlatform
[2018.01.28-15.12.21:436][  0]LogTemp: Display: Loaded TP TVOSTargetPlatform
[2018.01.28-15.12.21:492][  0]LogTemp: Display: Loaded TP LinuxClientTargetPlatform
[2018.01.28-15.12.21:549][  0]LogTemp: Display: Loaded TP LinuxNoEditorTargetPlatform
[2018.01.28-15.12.21:609][  0]LogTemp: Display: Loaded TP LinuxServerTargetPlatform
[2018.01.28-15.12.21:667][  0]LogTemp: Display: Loaded TP LinuxTargetPlatform
[2018.01.28-15.12.21:667][  0]LogTargetPlatformManager: Display: Building Assets For Windows
[2018.01.28-15.12.22:189][  0]LogDerivedDataCache: Display: Max Cache Size: 512 MB
[2018.01.28-15.12.22:296][  0]LogDerivedDataCache: Loaded boot cache 0.11s 78MB C:/Users/silvi/AppData/Local/UnrealEngine/4.18/DerivedDataCache/Boot.ddc.
[2018.01.28-15.12.22:296][  0]LogDerivedDataCache: Display: Loaded Boot cache: C:/Users/silvi/AppData/Local/UnrealEngine/4.18/DerivedDataCache/Boot.ddc
[2018.01.28-15.12.22:296][  0]LogDerivedDataCache: FDerivedDataBackendGraph:  Pak pak cache file F:/Unreal Projects/UE4_library/DerivedDataCache/DDC.ddp not found, will not use a pak cache.
[2018.01.28-15.12.22:296][  0]LogDerivedDataCache: Unable to find inner node Pak for hierarchical cache Hierarchy.
[2018.01.28-15.12.22:296][  0]LogDerivedDataCache: FDerivedDataBackendGraph:  CompressedPak pak cache file F:/Unreal Projects/UE4_library/DerivedDataCache/Compressed.ddp not found, will not use a pak cache.
[2018.01.28-15.12.22:296][  0]LogDerivedDataCache: Unable to find inner node CompressedPak for hierarchical cache Hierarchy.
[2018.01.28-15.12.22:319][  0]LogDerivedDataCache: Display: Pak cache opened for reading ../../../Engine/DerivedDataCache/Compressed.ddp.
[2018.01.28-15.12.22:331][  0]LogDerivedDataCache: Using Local data cache path C:/Users/silvi/AppData/Local/UnrealEngine/Common/DerivedDataCache: Writable
[2018.01.28-15.12.22:345][  0]LogMaterial: Verifying Global Shaders for PCD3D_SM5
[2018.01.28-15.12.22:345][  0]LogSlate: Using Freetype 2.6.0
[2018.01.28-15.12.22:346][  0]LogSlate: SlateFontCache - WITH_FREETYPE: 1, WITH_HARFBUZZ: 1
[2018.01.28-15.12.22:346][  0]LogSlate: SlateFontCache - WITH_FREETYPE: 1, WITH_HARFBUZZ: 1
[2018.01.28-15.12.22:778][  0]LogInit: Selected Device Profile: [Windows]
[2018.01.28-15.12.23:164][  0]LogSimplygon: Simplygon DLL not present - disabling.
[2018.01.28-15.12.23:212][  0]LogMeshReduction: Using SimplygonSwarm for distributed automatic mesh merging
[2018.01.28-15.12.23:212][  0]LogMeshReduction: Using QuadricMeshReduction for automatic static mesh reduction
[2018.01.28-15.12.23:212][  0]LogMeshReduction: No automatic skeletal mesh reduction module available
[2018.01.28-15.12.23:212][  0]LogMeshReduction: No automatic mesh merging module available
[2018.01.28-15.12.23:212][  0]LogMeshMerging: No automatic mesh merging module available
[2018.01.28-15.12.23:244][  0]LogNetVersion: UE4_library , NetCL: 3709383, EngineNetVer: 2, GameNetVer: 0 (Checksum: 3397248303)
[2018.01.28-15.12.23:467][  0]LogAssetRegistry: FAssetRegistry took 0.0284 seconds to start up
[2018.01.28-15.12.24:102][  0]LogPackageLocalizationCache: Processed 7 localized package path(s) for 2 prioritized culture(s) in 0.065079 seconds
[2018.01.28-15.12.24:111][  0]LogUObjectArray: 35900 objects as part of root set at end of initial load.
[2018.01.28-15.12.24:111][  0]LogUObjectAllocator: 7372016 out of 0 bytes used by permanent object pool.
[2018.01.28-15.12.24:111][  0]LogUObjectArray: CloseDisregardForGC: 0/0 objects in disregard for GC pool
[2018.01.28-15.12.24:185][  0]LogInit: WinSock: version 1.1 (2.2), MaxSocks=32767, MaxUdp=65467
[2018.01.28-15.12.27:379][  0]LogTcpMessaging: Initializing TcpMessaging bridge
[2018.01.28-15.12.27:427][  0]LogUdpMessaging: Initializing bridge on interface 0.0.0.0:0 to multicast group 230.0.0.1:6666.
[2018.01.28-15.12.28:219][  0]LogMaterial: Uniform references updated for custom material expression Custom.
[2018.01.28-15.12.28:713][  0]SourceControl: Source control is disabled
[2018.01.28-15.12.28:713][  0]SourceControl: Source control is disabled
[2018.01.28-15.12.28:775][  0]SourceControl: Source control is disabled
[2018.01.28-15.12.28:843][  0]SourceControl: Source control is disabled
[2018.01.28-15.12.29:816][  0]LogAndroidPermission: UAndroidPermissionCallbackProxy::GetInstance
[2018.01.28-15.12.30:154][  0]LogOcInput: OculusInput pre-init called
[2018.01.28-15.12.30:489][  0]LogEngine: Initializing Engine...
[2018.01.28-15.12.30:491][  0]LogHMD: Failed to initialize OpenVR with code 110
[2018.01.28-15.12.30:765][  0]LogStats: UGameplayTagsManager::ConstructGameplayTagTree: Construct from data asset -  0.000 s
[2018.01.28-15.12.30:765][  0]LogStats: UGameplayTagsManager::ConstructGameplayTagTree: GameplayTagTreeChangedEvent.Broadcast -  0.000 s
[2018.01.28-15.12.30:917][  0]LogAIModule: Creating AISystem for world Untitled
[2018.01.28-15.12.30:923][  0]LogInit: XAudio2 using 'Speakers (Conexant SmartAudio HD)' : 2 channels at 44.1 kHz using 32 bits per sample (channel mask 0x3)
[2018.01.28-15.12.30:946][  0]LogInit: FAudioDevice initialized.
[2018.01.28-15.12.31:038][  0]LogDerivedDataCache: Saved boot cache 0.09s 78MB C:/Users/silvi/AppData/Local/UnrealEngine/4.18/DerivedDataCache/Boot.ddc.
[2018.01.28-15.12.31:056][  0]LogInit: Texture streaming: Enabled
[2018.01.28-15.12.31:183][  0]LogEngineSessionManager: EngineSessionManager initialized
[2018.01.28-15.12.31:343][  0]LogInit: Transaction tracking system initialized
[2018.01.28-15.12.31:705][  0]BlueprintLog: New page: Editor Load
[2018.01.28-15.12.32:740][  0]LocalizationService: Localization service is disabled
[2018.01.28-15.12.33:632][  0]LogConsoleResponse: Display: 
[2018.01.28-15.12.33:863][  0]LogCook: Display: Max memory allowance for cook 16384mb min free memory 0mb
[2018.01.28-15.12.33:863][  0]LogCook: Display: Mobile HDR setting 1
[2018.01.28-15.12.33:863][  0]LogFileCache: Scanning file cache for directory 'F:/Unreal Projects/UE4_library/Content/' took 0.01s
[2018.01.28-15.12.33:863][  0]LogGameplayTags: Display: UGameplayTagsManager::DoneAddingNativeTags. DelegateIsBound: 0
[2018.01.28-15.12.35:268][  0]SourceControl: Source control is disabled
[2018.01.28-15.12.35:268][  0]Cmd: MAP LOAD FILE="../../../Engine/Content/Maps/Templates/Template_Default.umap" TEMPLATE=1 SHOWPROGRESS=1 FEATURELEVEL=3
[2018.01.28-15.12.35:268][  0]LightingResults: New page: Lighting Build
[2018.01.28-15.12.35:318][  0]MapCheck: New page: Map Check
[2018.01.28-15.12.35:318][  0]LightingResults: New page: Lighting Build
[2018.01.28-15.12.35:598][  0]LogAIModule: Creating AISystem for world Untitled_1
[2018.01.28-15.12.35:608][  0]LogEditorServer: Finished looking for orphan Actors (0.000 secs)
[2018.01.28-15.12.35:631][  0]Cmd: MAP CHECKDEP NOCLEARLOG
[2018.01.28-15.12.35:696][  0]MapCheck: Map check complete: 0 Error(s), 0 Warning(s), took 65.522ms to complete.
[2018.01.28-15.12.35:696][  0]LogFileHelpers: Loading map 'Template_Default' took 0.429
[2018.01.28-15.12.35:763][  0]LogWindowsTextInputMethodSystem: Display: IME system now deactivated.
[2018.01.28-15.12.35:858][  0]LogCollectionManager: Loaded 0 collections in 0.001610 seconds
[2018.01.28-15.12.35:941][  0]LogFileCache: Scanning file cache for directory 'F:/Unreal Projects/UE4_library/Saved/Collections/' took 0.01s
[2018.01.28-15.12.35:941][  0]LogFileCache: Scanning file cache for directory 'F:/Unreal Projects/UE4_library/Content/Developers/silvi/Collections/' took 0.01s
[2018.01.28-15.12.35:941][  0]LogFileCache: Scanning file cache for directory 'F:/Unreal Projects/UE4_library/Content/Collections/' took 0.01s
[2018.01.28-15.12.35:941][  0]LogCollectionManager: Rebuilt the GUID cache for 0 collections in 0.000000 seconds
[2018.01.28-15.12.35:951][  0]LogContentBrowser: Native class hierarchy populated in 0.0097 seconds. Added 2363 classes and 519 folders.
[2018.01.28-15.12.36:026][  0]LogContentBrowser: Native class hierarchy updated for 'WidgetCarousel' in 0.0003 seconds. Added 0 classes and 0 folders.
[2018.01.28-15.12.36:068][  0]LogContentBrowser: Native class hierarchy updated for 'AddContentDialog' in 0.0002 seconds. Added 0 classes and 0 folders.
[2018.01.28-15.12.36:118][  0]LogContentBrowser: Native class hierarchy updated for 'SceneOutliner' in 0.0003 seconds. Added 1 classes and 2 folders.
[2018.01.28-15.12.36:136][  0]LogSlate: Took 0.000368 seconds to synchronously load lazily loaded font '../../../Engine/Content/Slate/Fonts/Roboto-Regular.ttf' (155K)
[2018.01.28-15.12.36:140][  0]LogSlate: Took 0.000257 seconds to synchronously load lazily loaded font '../../../Engine/Content/Slate/Fonts/Roboto-Bold.ttf' (160K)
[2018.01.28-15.12.36:148][  0]LogSlate: Took 0.000268 seconds to synchronously load lazily loaded font '../../../Engine/Content/Editor/Slate/Fonts/FontAwesome.ttf' (139K)
[2018.01.28-15.12.36:262][  0]LogRenderer: Reallocating scene render targets to support 964x436 Format 10 NumSamples 1 (Frame:1).
[2018.01.28-15.12.36:488][  0]LogContentBrowser: Native class hierarchy updated for 'HierarchicalLODOutliner' in 0.0003 seconds. Added 1 classes and 2 folders.
[2018.01.28-15.12.36:488][  0]LogLoad: (Engine Initialization) Total time: 20.98 seconds
[2018.01.28-15.12.36:488][  0]LogLoad: (Engine Initialization) Total Blueprint compile time: 0.00 seconds
[2018.01.28-15.12.36:488][  0]LogExternalProfiler: No external profilers were discovered.  External profiling features will not be available.
[2018.01.28-15.12.36:518][  0]LogContentStreaming: Texture pool size now 1000 MB
[2018.01.28-15.12.36:536][  1]LogAssetRegistry: Asset discovery search completed in 13.0907 seconds
[2018.01.28-15.12.36:538][  1]LogCollectionManager: Rebuilt the object cache for 0 collections in 0.000000 seconds (found 0 objects)
[2018.01.28-15.12.36:538][  1]LogCollectionManager: Fixed up redirectors for 0 collections in 0.000050 seconds (updated 0 objects)
[2018.01.28-15.12.51:475][814]SourceControl: On branch master
[2018.01.28-15.12.51:475][814]SourceControl: Your branch is up-to-date with 'origin/master'.
[2018.01.28-15.12.51:475][814]SourceControl: Untracked files:
[2018.01.28-15.12.51:475][814]SourceControl:   (use "git add <file>..." to include in what will be committed)
[2018.01.28-15.12.51:475][814]SourceControl: 	Config/
[2018.01.28-15.12.51:475][814]SourceControl: 	Intermediate/
[2018.01.28-15.12.51:475][814]SourceControl: 	Saved/
[2018.01.28-15.12.51:475][814]SourceControl: 	UE4_library.uproject
[2018.01.28-15.12.51:475][814]SourceControl: nothing added to commit but untracked files present (use "git add" to track)
